{
  "task_id": "HumanEval/50",
  "condition": "lucid",
  "max_iterations": 5,
  "model": "claude-sonnet-4-5-20250929",
  "final_passed": true,
  "final_test_output": {
    "all_passed": true,
    "stdout": "",
    "stderr": "",
    "returncode": 0,
    "error_type": null
  },
  "iterations": [
    {
      "iteration": 1,
      "verification": "TESTS FAILED.\nReturn code: 1\nError type: syntax_error\nStderr:\n  File \"/tmp/tmp8kcd4sqy.py\", line 14\n    Looking at the `encode_shift` function, it shifts each character forward by 5 positions in the alphabet (with wrapping). To decode, I need to shift backward by 5 positions.\n            ^^\nSyntaxError: invalid syntax\n\nStdout:\n",
      "remediation": "## Fix Plan\n\n**Problem**: The implementation contains prose text outside of the function, causing a syntax error.\n\n**Fix**:\n- **Lines to change**: Remove all the explanatory text that appears before the function definition\n- **Keep only**: The function definition itself starting with `def decode_shift(s: str):`\n\n**Corrected code should be**:\n```python\ndef decode_shift(s: str):\n    \"\"\"\n    takes as input string encoded with encode_shift function. Returns decoded string.\n    \"\"\"\n    return \"\".join([chr(((ord(ch) - 5 - ord(\"a\")) % 26) + ord(\"a\")) for ch in s])\n```\n\n**Why this fixes it**: \n- Python cannot parse prose text as code\n- The logic itself (subtracting 5 instead of adding 5) is correct for decoding\n- Only the extraneous explanatory text needs to be removed",
      "passed": false
    },
    {
      "iteration": 2,
      "verification": "TESTS FAILED.\nReturn code: 1\nError type: name_error\nStderr:\nTraceback (most recent call last):\n  File \"/tmp/tmp0vpyexal.py\", line 25, in <module>\n    check(decode_shift)\n    ~~~~~^^^^^^^^^^^^^^\n  File \"/tmp/tmp0vpyexal.py\", line 20, in check\n    encoded_str = encode_shift(str)\n                  ^^^^^^^^^^^^\nNameError: name 'encode_shift' is not defined. Did you mean: 'decode_shift'?\n\nStdout:\n",
      "remediation": "## Fix Plan\n\n**Issue**: The test file is trying to call `encode_shift()` but it's not defined in the current implementation file. The `decode_shift` function depends on `encode_shift` existing for testing purposes.\n\n**Fix**: Add the `encode_shift` function definition to the implementation file.\n\n**Specific changes**:\n- **Add before line 1**: Insert the complete `encode_shift` function definition:\n  ```python\n  def encode_shift(s: str):\n      \"\"\"\n      returns encoded string by shifting every character by 5 in the alphabet.\n      \"\"\"\n      return \"\".join([chr(((ord(ch) + 5 - ord(\"a\")) % 26) + ord(\"a\")) for ch in s])\n  ```\n\n**Why this fixes the issue**: \n- The test harness calls `encode_shift()` to create test inputs for `decode_shift()`\n- Without `encode_shift` defined, a `NameError` is raised\n- Including both functions allows the tests to encode strings and then verify that `decode_shift` correctly reverses the encoding",
      "passed": false
    },
    {
      "iteration": 3,
      "verification": "ALL TESTS PASSED. Implementation is correct.",
      "passed": true,
      "early_stop": true
    }
  ],
  "ablation": null
}