{
  "task_id": "HumanEval/50",
  "condition": "lucid",
  "max_iterations": 3,
  "model": "claude-sonnet-4-5-20250929",
  "final_passed": true,
  "final_test_output": {
    "all_passed": true,
    "stdout": "",
    "stderr": "",
    "returncode": 0,
    "error_type": null
  },
  "iterations": [
    {
      "iteration": 1,
      "verification": "TESTS FAILED.\nReturn code: 1\nError type: syntax_error\nStderr:\n  File \"/tmp/tmpmypdx4_5.py\", line 14\n    Looking at the `encode_shift` function, I can see it:\n            ^^\nSyntaxError: invalid syntax\n\nStdout:\n",
      "remediation": "## Fix Plan\n\n**Problem**: The implementation contains prose text outside of the function that causes a syntax error. The actual decoding logic is correct.\n\n**Fix**:\n- **Remove lines 1-4** (the explanatory text starting with \"Looking at the `encode_shift` function...\")\n- **Keep only the function definition** starting from `def decode_shift(s: str):`\n\n**Why this fixes the issue**: \nThe prose explanation cannot exist as bare text in a Python file - it causes a syntax error. The decoding logic itself (`chr(((ord(ch) - 5 - ord(\"a\")) % 26) + ord(\"a\"))`) is correct because it shifts backward by 5 positions, which properly reverses the forward shift of 5 in `encode_shift`.\n\n**Final code should be**:\n```python\ndef decode_shift(s: str):\n    \"\"\"\n    takes as input string encoded with encode_shift function. Returns decoded string.\n    \"\"\"\n    return \"\".join([chr(((ord(ch) - 5 - ord(\"a\")) % 26) + ord(\"a\")) for ch in s])\n```",
      "passed": false
    },
    {
      "iteration": 2,
      "verification": "TESTS FAILED.\nReturn code: 1\nError type: name_error\nStderr:\nTraceback (most recent call last):\n  File \"/tmp/tmp6dsgvdqf.py\", line 25, in <module>\n    check(decode_shift)\n    ~~~~~^^^^^^^^^^^^^^\n  File \"/tmp/tmp6dsgvdqf.py\", line 20, in check\n    encoded_str = encode_shift(str)\n                  ^^^^^^^^^^^^\nNameError: name 'encode_shift' is not defined. Did you mean: 'decode_shift'?\n\nStdout:\n",
      "remediation": "## Fix Plan\n\n**Problem**: The test file is trying to call `encode_shift()` but it's not defined in the current implementation file. The `decode_shift` function depends on `encode_shift` existing for testing purposes.\n\n**Fix**: Add the `encode_shift` function definition to the implementation file.\n\n**Specific changes**:\n- **Before line 1** (before the `decode_shift` function): Add the complete `encode_shift` function definition:\n  ```python\n  def encode_shift(s: str):\n      \"\"\"\n      returns encoded string by shifting every character by 5 in the alphabet.\n      \"\"\"\n      return \"\".join([chr(((ord(ch) + 5 - ord(\"a\")) % 26) + ord(\"a\")) for ch in s])\n  ```\n\n**Why this fixes the issue**: \n- The test harness calls `encode_shift()` to create test inputs for `decode_shift()`\n- Without `encode_shift` defined, Python raises a `NameError`\n- Adding the function definition makes it available for the tests to use\n- The `decode_shift` implementation itself is correct (it reverses the +5 shift by doing -5), but the tests can't run without `encode_shift`",
      "passed": false
    },
    {
      "iteration": 3,
      "verification": "ALL TESTS PASSED. Implementation is correct.",
      "passed": true,
      "early_stop": true
    }
  ],
  "ablation": null
}