{
  "task_id": "HumanEval/132",
  "condition": "lucid-no-remediate",
  "max_iterations": 5,
  "model": "claude-sonnet-4-5-20250929",
  "final_passed": false,
  "final_test_output": {
    "all_passed": false,
    "stdout": "",
    "stderr": "  File \"/tmp/tmpzs4odzmb.py\", line 20\n    3. Within this valid sequence, there is nesting (depth \u2265 2)\n                                                           ^\nSyntaxError: invalid character '\u2265' (U+2265)\n",
    "returncode": 1,
    "error_type": "syntax_error"
  },
  "iterations": [
    {
      "iteration": 1,
      "verification": "TESTS FAILED.\nReturn code: 1\nError type: assertion_error\nStderr:\nTraceback (most recent call last):\n  File \"/tmp/tmpreivz7bj.py\", line 78, in <module>\n    check(is_nested)\n    ~~~~~^^^^^^^^^^^\n  File \"/tmp/tmpreivz7bj.py\", line 68, in check\n    assert candidate('[[]][[') == True\n           ^^^^^^^^^^^^^^^^^^^^^^^^^^^\nAssertionError\n\nStdout:\n",
      "remediation": null,
      "passed": false
    },
    {
      "iteration": 2,
      "verification": "TESTS FAILED.\nReturn code: 1\nError type: syntax_error\nStderr:\n  File \"/tmp/tmpieheomxp.py\", line 15\n    Looking at the failing test case `'[[]][[' \u279e True`, I need to reconsider the approach.\n                                               ^\nSyntaxError: invalid character '\u279e' (U+279E)\n\nStdout:\n",
      "remediation": null,
      "passed": false
    },
    {
      "iteration": 3,
      "verification": "TESTS FAILED.\nReturn code: 1\nError type: assertion_error\nStderr:\nTraceback (most recent call last):\n  File \"/tmp/tmpqtesaz_6.py\", line 62, in <module>\n    check(is_nested)\n    ~~~~~^^^^^^^^^^^\n  File \"/tmp/tmpqtesaz_6.py\", line 52, in check\n    assert candidate('[[]][[') == True\n           ^^^^^^^^^^^^^^^^^^^^^^^^^^^\nAssertionError\n\nStdout:\n",
      "remediation": null,
      "passed": false
    },
    {
      "iteration": 4,
      "verification": "TESTS FAILED.\nReturn code: 1\nError type: syntax_error\nStderr:\n  File \"/tmp/tmplamyt32f.py\", line 19\n    For `'[[]][[`:\n         ^\nSyntaxError: unterminated string literal (detected at line 19)\n\nStdout:\n",
      "remediation": null,
      "passed": false
    },
    {
      "iteration": 5,
      "verification": "TESTS FAILED.\nReturn code: 1\nError type: assertion_error\nStderr:\nTraceback (most recent call last):\n  File \"/tmp/tmp3fej431e.py\", line 57, in <module>\n    check(is_nested)\n    ~~~~~^^^^^^^^^^^\n  File \"/tmp/tmp3fej431e.py\", line 39, in check\n    assert candidate('[]]]]]]][[[[[]') == False\n           ^^^^^^^^^^^^^^^^^^^^^^^^^^^^^^^^^^^^\nAssertionError\n\nStdout:\n",
      "remediation": null,
      "passed": false
    }
  ],
  "ablation": "no-remediate"
}