{
  "task_id": "HumanEval/132",
  "condition": "lucid-no-context",
  "max_iterations": 1,
  "model": "claude-sonnet-4-5-20250929",
  "final_passed": true,
  "final_test_output": {
    "all_passed": true,
    "stdout": "",
    "stderr": "",
    "returncode": 0,
    "error_type": null
  },
  "iterations": [
    {
      "iteration": 1,
      "verification": "TESTS FAILED.\nReturn code: 1\nError type: assertion_error\nStderr:\nTraceback (most recent call last):\n  File \"/tmp/tmpvg332bw_.py\", line 55, in <module>\n    check(is_nested)\n    ~~~~~^^^^^^^^^^^\n  File \"/tmp/tmpvg332bw_.py\", line 43, in check\n    assert candidate('[[]') == False\n           ^^^^^^^^^^^^^^^^^^^^^^^^^\nAssertionError\n\nStdout:\n",
      "remediation": "Looking at the failing test and the specification, I can identify the issue:\n\n## Problem Analysis\n\nThe current implementation only checks if the maximum nesting depth is at least 2, but it doesn't verify that there's a **valid** subsequence with nested brackets. \n\nThe test case `'[[]'` fails because:\n- Current implementation: Returns `True` (max_depth = 2)\n- Expected: `False` (no valid nested subsequence exists - the brackets are unbalanced)\n\nThe key insight from the specification is \"valid subsequence\" - this means the brackets must be properly matched/balanced, not just achieve a certain depth.\n\n## Fix Plan\n\n**Lines to change:** The entire logic needs revision (lines 9-22)\n\n**The fix:**\n1. Instead of just tracking depth, we need to find if there exists any valid (balanced) subsequence that contains nested brackets\n2. A valid nested subsequence means we can find at least one complete `[]` pair that is inside another complete `[]` pair\n3. Approach: Track positions where we have valid bracket pairs, then check if any pair is nested within another pair\n\n**Specific implementation strategy:**\n- Use a stack to match brackets and record valid pairs (opening and closing positions)\n- For each valid pair found, check if it's nested inside any other valid pair\n- Return `True` if we find at least one nested valid pair, `False` otherwise\n\n**Why this fixes the issue:**\n- `'[[]'` \u2192 No complete valid pairs can be formed, returns `False`\n- `'[[]]'` \u2192 Has pairs `(0,3)` and `(1,2)`, where `(1,2)` is nested in `(0,3)`, returns `True`\n- `'[]]]]]]][[[[[]'` \u2192 No properly nested valid pairs, returns `False`\n- `'[][]'` \u2192 Has pairs but none nested, returns `False`",
      "passed": false
    }
  ],
  "ablation": "no-context"
}