{
  "task_id": "HumanEval/127",
  "condition": "lucid-no-context",
  "max_iterations": 5,
  "model": "claude-sonnet-4-5-20250929",
  "final_passed": true,
  "final_test_output": {
    "all_passed": true,
    "stdout": "",
    "stderr": "",
    "returncode": 0,
    "error_type": null
  },
  "iterations": [
    {
      "iteration": 1,
      "verification": "TESTS FAILED.\nReturn code: 1\nError type: syntax_error\nStderr:\n  File \"/tmp/tmp1pjc501o.py\", line 30\n    - `intersection((1, 2), (2, 3))`: intersection is (2, 2), length = 2-2+1 = 1, not prime \u2192 \"NO\"\n                                                                                            ^\nSyntaxError: invalid character '\u2192' (U+2192)\n\nStdout:\n",
      "remediation": "Looking at the error, there's a syntax issue in the comments, but more importantly, I need to analyze the logic based on the test feedback.\n\n## Fix Plan\n\n**Issue**: The current implementation has syntax errors in comments and the logic needs verification.\n\n**Lines to change**:\n\n1. **Remove all the analysis comments** (lines with `\u2192` and other non-ASCII characters) - these are causing syntax errors and shouldn't be in the final code.\n\n2. **Keep the core implementation as is** - the logic appears correct:\n   - Lines finding intersection (inter_start, inter_end)\n   - Line checking if intervals intersect (inter_start > inter_end)\n   - Line calculating length (inter_end - inter_start)\n   - Lines checking if length is prime\n\n**Specific fix**:\n- Delete all comment lines containing arrows (\u2192) and analysis text\n- Keep only the clean implementation code\n- The actual algorithm logic is correct: it finds the intersection, calculates length as (end - start), and properly checks for primality\n\n**Why this fixes the issue**:\nThe syntax error is caused by Unicode characters in comments that Python can't parse. The underlying algorithm correctly:\n- Computes intersection as [max(start1, start2), min(end1, end2)]\n- Defines length as the difference (not count of integers)\n- Properly identifies primes (handles 2, even numbers, and odd divisors)\n\nThe implementation logic matches the examples once the syntax errors are removed.",
      "passed": false
    },
    {
      "iteration": 2,
      "verification": "TESTS FAILED.\nReturn code: 1\nError type: assertion_error\nStderr:\nTraceback (most recent call last):\n  File \"/tmp/tmp11hpy_i_.py\", line 62, in <module>\n    check(intersection)\n    ~~~~~^^^^^^^^^^^^^^\n  File \"/tmp/tmp11hpy_i_.py\", line 50, in check\n    assert candidate((-1, 1), (0, 4)) == \"NO\"\n           ^^^^^^^^^^^^^^^^^^^^^^^^^^^^^^^^^^\nAssertionError\n\nStdout:\n",
      "remediation": "Looking at the failing test case: `intersection((-1, 1), (0, 4))` should return `\"NO\"`.\n\nLet me trace through the execution:\n1. `inter_start = max(-1, 0) = 0`\n2. `inter_end = min(1, 4) = 1`\n3. Intersection is valid (0 \u2264 1)\n4. `length = 1 - 0 + 1 = 2`\n5. Since `length == 2`, the function returns `\"YES\"`\n\nBut the expected output is `\"NO\"`. Let me check the specification more carefully.\n\nThe issue is in understanding what \"length\" means. Looking at the example in the docstring:\n- \"the intersection of the intervals (1, 3), (2, 4) is (2, 3) which its length is 1\"\n\nThe intersection (2, 3) contains the integers 2 and 3, which is 2 integers, but the \"length\" is described as 1. This suggests **length = end - start** (not end - start + 1).\n\nFor `(-1, 1), (0, 4)`:\n- Intersection: (0, 1)\n- Length should be: 1 - 0 = 1\n- 1 is not prime \u2192 return \"NO\" \u2713\n\nFor `(-3, -1), (-5, 5)`:\n- Intersection: (-3, -1)\n- Length should be: -1 - (-3) = 2\n- 2 is prime \u2192 return \"YES\" \u2713\n\n## Fix Plan\n\n**Line to change:** Line 13\n```python\nlength = inter_end - inter_start + 1\n```\n\n**Change to:**\n```python\nlength = inter_end - inter_start\n```\n\n**Why this fixes the issue:** The specification defines \"length\" as the difference between endpoints (end - start), not the count of integers in the interval. This is confirmed by the example where interval (2, 3) has length 1, not 2.",
      "passed": false
    },
    {
      "iteration": 3,
      "verification": "ALL TESTS PASSED. Implementation is correct.",
      "passed": true,
      "early_stop": true
    }
  ],
  "ablation": "no-context"
}